<?xml version="1.0" encoding="UTF-8"?>
<!-- Generated by org.testng.reporters.JUnitXMLReporter -->
<testsuite ignored="0" hostname="DESKTOP-8A7KQU8" failures="1" tests="1" name="NegativeLogInTest-CH" time="0.072" errors="0" timestamp="2023-06-20T12:45:22 EDT">
  <testcase classname="com.herokuapp.theinternet.loginpagetests.NegativeLogInTests" name="negativeLogInTest" time="0.0">
    <failure type="java.lang.RuntimeException" message="java.lang.Error: Unresolved compilation problems: 
	Unhandled exception type CsvValidationException
	Unhandled exception type CsvValidationException
">
      <![CDATA[java.lang.RuntimeException: java.lang.Error: Unresolved compilation problems: 
Unhandled exception type CsvValidationException
Unhandled exception type CsvValidationException

at java.base/java.util.ArrayList.forEach(ArrayList.java:1541)
at java.base/java.util.concurrent.FutureTask.run(FutureTask.java:264)
at java.base/java.util.concurrent.ThreadPoolExecutor.runWorker(ThreadPoolExecutor.java:1128)
at java.base/java.util.concurrent.ThreadPoolExecutor$Worker.run(ThreadPoolExecutor.java:628)
at java.base/java.lang.Thread.run(Thread.java:834)
Caused by: java.lang.Error: Unresolved compilation problems: 
Unhandled exception type CsvValidationException
Unhandled exception type CsvValidationException

at com.herokuapp.theinternet.base.CsvDataProviders.csvReader(CsvDataProviders.java:29)
... 19 more
... Removed 22 stack frames]]>
    </failure>
  </testcase> <!-- negativeLogInTest -->
</testsuite> <!-- NegativeLogInTest-CH -->
